This file contains any messages produced by compilers while
running configure, to aid debugging if configure makes a mistake.

It was created by libpng configure 1.4.0, which was
generated by GNU Autoconf 2.66.  Invocation command line was

  $ ./configure 

## --------- ##
## Platform. ##
## --------- ##

hostname = localhost.localdomain
uname -m = x86_64
uname -r = 2.6.35.11-83.fc14.x86_64
uname -s = Linux
uname -v = #1 SMP Mon Feb 7 07:06:44 UTC 2011

/usr/bin/uname -p = unknown
/bin/uname -X     = unknown

/bin/arch              = x86_64
/usr/bin/arch -k       = unknown
/usr/convex/getsysinfo = unknown
/usr/bin/hostinfo      = unknown
/bin/machine           = unknown
/usr/bin/oslevel       = unknown
/bin/universe          = unknown

PATH: /usr/local/bin
PATH: /usr/bin
PATH: /bin
PATH: /usr/local/sbin
PATH: /usr/sbin
PATH: /sbin
PATH: /home/Lycheus/bin


## ----------- ##
## Core tests. ##
## ----------- ##

configure:2286: checking for a BSD-compatible install
configure:2354: result: /usr/bin/install -c
configure:2365: checking whether build environment is sane
configure:2415: result: yes
configure:2556: checking for a thread-safe mkdir -p
configure:2595: result: /bin/mkdir -p
configure:2608: checking for gawk
configure:2624: found /usr/bin/gawk
configure:2635: result: gawk
configure:2646: checking whether make sets $(MAKE)
configure:2668: result: yes
configure:2749: checking whether to enable maintainer-specific portions of Makefiles
configure:2758: result: no
configure:2831: checking for gcc
configure:2847: found /usr/bin/gcc
configure:2858: result: gcc
configure:3087: checking for C compiler version
configure:3096: gcc --version >&5
gcc (GCC) 4.5.1 20100924 (Red Hat 4.5.1-4)
Copyright (C) 2010 Free Software Foundation, Inc.
This is free software; see the source for copying conditions.  There is NO
warranty; not even for MERCHANTABILITY or FITNESS FOR A PARTICULAR PURPOSE.

configure:3107: $? = 0
configure:3096: gcc -v >&5
Using built-in specs.
COLLECT_GCC=gcc
COLLECT_LTO_WRAPPER=/usr/libexec/gcc/x86_64-redhat-linux/4.5.1/lto-wrapper
Target: x86_64-redhat-linux
Configured with: ../configure --prefix=/usr --mandir=/usr/share/man --infodir=/usr/share/info --with-bugurl=http://bugzilla.redhat.com/bugzilla --enable-bootstrap --enable-shared --enable-threads=posix --enable-checking=release --with-system-zlib --enable-__cxa_atexit --disable-libunwind-exceptions --enable-gnu-unique-object --enable-linker-build-id --enable-languages=c,c++,objc,obj-c++,java,fortran,ada,lto --enable-plugin --enable-java-awt=gtk --disable-dssi --with-java-home=/usr/lib/jvm/java-1.5.0-gcj-1.5.0.0/jre --enable-libgcj-multifile --enable-java-maintainer-mode --with-ecj-jar=/usr/share/java/eclipse-ecj.jar --disable-libjava-multilib --with-ppl --with-cloog --with-tune=generic --with-arch_32=i686 --build=x86_64-redhat-linux
Thread model: posix
gcc version 4.5.1 20100924 (Red Hat 4.5.1-4) (GCC) 
configure:3107: $? = 0
configure:3096: gcc -V >&5
gcc: '-V' option must have argument
configure:3107: $? = 1
configure:3096: gcc -qversion >&5
gcc: unrecognized option '-qversion'
gcc: no input files
configure:3107: $? = 1
configure:3127: checking whether the C compiler works
configure:3149: gcc    conftest.c  >&5
configure:3153: $? = 0
configure:3201: result: yes
configure:3204: checking for C compiler default output file name
configure:3206: result: a.out
configure:3212: checking for suffix of executables
configure:3219: gcc -o conftest    conftest.c  >&5
configure:3223: $? = 0
configure:3245: result: 
configure:3267: checking whether we are cross compiling
configure:3275: gcc -o conftest    conftest.c  >&5
configure:3279: $? = 0
configure:3286: ./conftest
configure:3290: $? = 0
configure:3305: result: no
configure:3310: checking for suffix of object files
configure:3332: gcc -c   conftest.c >&5
configure:3336: $? = 0
configure:3357: result: o
configure:3361: checking whether we are using the GNU C compiler
configure:3380: gcc -c   conftest.c >&5
configure:3380: $? = 0
configure:3389: result: yes
configure:3398: checking whether gcc accepts -g
configure:3418: gcc -c -g  conftest.c >&5
configure:3418: $? = 0
configure:3459: result: yes
configure:3476: checking for gcc option to accept ISO C89
configure:3540: gcc  -c -g -O2  conftest.c >&5
configure:3540: $? = 0
configure:3553: result: none needed
configure:3584: checking for style of include used by make
configure:3612: result: GNU
configure:3637: checking dependency style of gcc
configure:3747: result: gcc3
configure:3766: checking build system type
configure:3780: result: x86_64-unknown-linux-gnu
configure:3800: checking host system type
configure:3813: result: x86_64-unknown-linux-gnu
configure:3833: checking for a sed that does not truncate output
configure:3897: result: /bin/sed
configure:3915: checking for grep that handles long lines and -e
configure:3973: result: /bin/grep
configure:3978: checking for egrep
configure:4040: result: /bin/grep -E
configure:4045: checking for fgrep
configure:4107: result: /bin/grep -F
configure:4134: checking how to print strings
configure:4161: result: printf
configure:4194: checking for ld used by gcc
configure:4261: result: /usr/bin/ld
configure:4268: checking if the linker (/usr/bin/ld) is GNU ld
configure:4283: result: yes
configure:4300: checking how to run the C preprocessor
configure:4331: gcc -E  conftest.c
configure:4331: $? = 0
configure:4345: gcc -E  conftest.c
conftest.c:11:28: fatal error: ac_nonexistent.h: No such file or directory
compilation terminated.
configure:4345: $? = 1
configure: failed program was:
| /* confdefs.h */
| #define PACKAGE_NAME "libpng"
| #define PACKAGE_TARNAME "libpng"
| #define PACKAGE_VERSION "1.4.0"
| #define PACKAGE_STRING "libpng 1.4.0"
| #define PACKAGE_BUGREPORT "png-mng-implement@lists.sourceforge.net"
| #define PACKAGE_URL ""
| #define PACKAGE "libpng"
| #define VERSION "1.4.0"
| /* end confdefs.h.  */
| #include <ac_nonexistent.h>
configure:4370: result: gcc -E
configure:4390: gcc -E  conftest.c
configure:4390: $? = 0
configure:4404: gcc -E  conftest.c
conftest.c:11:28: fatal error: ac_nonexistent.h: No such file or directory
compilation terminated.
configure:4404: $? = 1
configure: failed program was:
| /* confdefs.h */
| #define PACKAGE_NAME "libpng"
| #define PACKAGE_TARNAME "libpng"
| #define PACKAGE_VERSION "1.4.0"
| #define PACKAGE_STRING "libpng 1.4.0"
| #define PACKAGE_BUGREPORT "png-mng-implement@lists.sourceforge.net"
| #define PACKAGE_URL ""
| #define PACKAGE "libpng"
| #define VERSION "1.4.0"
| /* end confdefs.h.  */
| #include <ac_nonexistent.h>
configure:4475: checking for sed
configure:4502: result: /bin/sed
configure:4828: checking whether ln -s works
configure:4832: result: yes
configure:4839: checking whether make sets $(MAKE)
configure:4861: result: yes
configure:4912: checking for BSD- or MS-compatible name lister (nm)
configure:4961: result: /usr/bin/nm -B
configure:5091: checking the name lister (/usr/bin/nm -B) interface
configure:5098: gcc -c -g -O2  conftest.c >&5
configure:5101: /usr/bin/nm -B "conftest.o"
configure:5104: output
0000000000000000 B some_variable
configure:5111: result: BSD nm
configure:5115: checking the maximum length of command line arguments
configure:5240: result: 1572864
configure:5257: checking whether the shell understands some XSI constructs
configure:5267: result: yes
configure:5271: checking whether the shell understands "+="
configure:5277: result: yes
configure:5312: checking for /usr/bin/ld option to reload object files
configure:5319: result: -r
configure:5388: checking for objdump
configure:5415: result: objdump
configure:5444: checking how to recognize dependent libraries
configure:5646: result: pass_all
configure:5706: checking for ar
configure:5722: found /usr/bin/ar
configure:5733: result: ar
configure:5811: checking for strip
configure:5827: found /usr/bin/strip
configure:5838: result: strip
configure:5910: checking for ranlib
configure:5926: found /usr/bin/ranlib
configure:5937: result: ranlib
configure:6039: checking command to parse /usr/bin/nm -B output from gcc object
configure:6157: gcc -c -g -O2  conftest.c >&5
configure:6160: $? = 0
configure:6164: /usr/bin/nm -B conftest.o \| sed -n -e 's/^.*[ ]\([ABCDGIRSTW][ABCDGIRSTW]*\)[ ][ ]*\([_A-Za-z][_A-Za-z0-9]*\)$/\1 \2 \2/p' \> conftest.nm
configure:6167: $? = 0
configure:6221: gcc -o conftest -g -O2   conftest.c conftstm.o >&5
configure:6224: $? = 0
configure:6262: result: ok
configure:6358: gcc -c -g -O2  conftest.c >&5
configure:6361: $? = 0
configure:7099: checking for ANSI C header files
configure:7119: gcc -c -g -O2  conftest.c >&5
configure:7119: $? = 0
configure:7192: gcc -o conftest -g -O2   conftest.c  >&5
configure:7192: $? = 0
configure:7192: ./conftest
configure:7192: $? = 0
configure:7203: result: yes
configure:7216: checking for sys/types.h
configure:7216: gcc -c -g -O2  conftest.c >&5
configure:7216: $? = 0
configure:7216: result: yes
configure:7216: checking for sys/stat.h
configure:7216: gcc -c -g -O2  conftest.c >&5
configure:7216: $? = 0
configure:7216: result: yes
configure:7216: checking for stdlib.h
configure:7216: gcc -c -g -O2  conftest.c >&5
configure:7216: $? = 0
configure:7216: result: yes
configure:7216: checking for string.h
configure:7216: gcc -c -g -O2  conftest.c >&5
configure:7216: $? = 0
configure:7216: result: yes
configure:7216: checking for memory.h
configure:7216: gcc -c -g -O2  conftest.c >&5
configure:7216: $? = 0
configure:7216: result: yes
configure:7216: checking for strings.h
configure:7216: gcc -c -g -O2  conftest.c >&5
configure:7216: $? = 0
configure:7216: result: yes
configure:7216: checking for inttypes.h
configure:7216: gcc -c -g -O2  conftest.c >&5
configure:7216: $? = 0
configure:7216: result: yes
configure:7216: checking for stdint.h
configure:7216: gcc -c -g -O2  conftest.c >&5
configure:7216: $? = 0
configure:7216: result: yes
configure:7216: checking for unistd.h
configure:7216: gcc -c -g -O2  conftest.c >&5
configure:7216: $? = 0
configure:7216: result: yes
configure:7230: checking for dlfcn.h
configure:7230: gcc -c -g -O2  conftest.c >&5
configure:7230: $? = 0
configure:7230: result: yes
configure:7415: checking for objdir
configure:7430: result: .libs
configure:7697: checking if gcc supports -fno-rtti -fno-exceptions
configure:7715: gcc -c -g -O2  -fno-rtti -fno-exceptions conftest.c >&5
cc1: warning: command line option "-fno-rtti" is valid for C++/ObjC++ but not for C
configure:7719: $? = 0
configure:7732: result: no
configure:7752: checking for gcc option to produce PIC
configure:8037: result: -fPIC -DPIC
configure:8049: checking if gcc PIC flag -fPIC -DPIC works
configure:8067: gcc -c -g -O2  -fPIC -DPIC -DPIC conftest.c >&5
configure:8071: $? = 0
configure:8084: result: yes
configure:8108: checking if gcc static flag -static works
configure:8136: result: no
configure:8151: checking if gcc supports -c -o file.o
configure:8172: gcc -c -g -O2  -o out/conftest2.o conftest.c >&5
configure:8176: $? = 0
configure:8198: result: yes
configure:8206: checking if gcc supports -c -o file.o
configure:8253: result: yes
configure:8286: checking whether the gcc linker (/usr/bin/ld -m elf_x86_64) supports shared libraries
configure:9361: result: yes
configure:9398: checking whether -lc should be explicitly linked in
configure:9406: gcc -c -g -O2  conftest.c >&5
configure:9409: $? = 0
configure:9424: gcc -shared conftest.o  -v -Wl,-soname -Wl,conftest -o conftest 2\>\&1 \| /bin/grep  -lc  \>/dev/null 2\>\&1
configure:9427: $? = 0
configure:9441: result: no
configure:9606: checking dynamic linker characteristics
configure:10061: gcc -o conftest -g -O2   -Wl,-rpath -Wl,/foo conftest.c  >&5
configure:10061: $? = 0
configure:10287: result: GNU/Linux ld.so
configure:10394: checking how to hardcode library paths into programs
configure:10419: result: immediate
configure:10959: checking whether stripping libraries is possible
configure:10964: result: yes
configure:10999: checking if libtool supports shared libraries
configure:11001: result: yes
configure:11004: checking whether to build shared libraries
configure:11025: result: yes
configure:11028: checking whether to build static libraries
configure:11032: result: yes
configure:11069: checking for ANSI C header files
configure:11173: result: yes
configure:11184: checking malloc.h usability
configure:11184: gcc -c -g -O2  conftest.c >&5
configure:11184: $? = 0
configure:11184: result: yes
configure:11184: checking malloc.h presence
configure:11184: gcc -E  conftest.c
configure:11184: $? = 0
configure:11184: result: yes
configure:11184: checking for malloc.h
configure:11184: result: yes
configure:11184: checking for stdlib.h
configure:11184: result: yes
configure:11184: checking for string.h
configure:11184: result: yes
configure:11184: checking for strings.h
configure:11184: result: yes
configure:11196: checking for an ANSI C-conforming const
configure:11261: gcc -c -g -O2  conftest.c >&5
configure:11261: $? = 0
configure:11268: result: yes
configure:11276: checking for size_t
configure:11276: gcc -c -g -O2  conftest.c >&5
configure:11276: $? = 0
configure:11276: gcc -c -g -O2  conftest.c >&5
conftest.c: In function 'main':
conftest.c:64:21: error: expected expression before ')' token
configure:11276: $? = 1
configure: failed program was:
| /* confdefs.h */
| #define PACKAGE_NAME "libpng"
| #define PACKAGE_TARNAME "libpng"
| #define PACKAGE_VERSION "1.4.0"
| #define PACKAGE_STRING "libpng 1.4.0"
| #define PACKAGE_BUGREPORT "png-mng-implement@lists.sourceforge.net"
| #define PACKAGE_URL ""
| #define PACKAGE "libpng"
| #define VERSION "1.4.0"
| #define STDC_HEADERS 1
| #define HAVE_SYS_TYPES_H 1
| #define HAVE_SYS_STAT_H 1
| #define HAVE_STDLIB_H 1
| #define HAVE_STRING_H 1
| #define HAVE_MEMORY_H 1
| #define HAVE_STRINGS_H 1
| #define HAVE_INTTYPES_H 1
| #define HAVE_STDINT_H 1
| #define HAVE_UNISTD_H 1
| #define HAVE_DLFCN_H 1
| #define LT_OBJDIR ".libs/"
| #define STDC_HEADERS 1
| #define HAVE_MALLOC_H 1
| #define HAVE_STDLIB_H 1
| #define HAVE_STRING_H 1
| #define HAVE_STRINGS_H 1
| /* end confdefs.h.  */
| #include <stdio.h>
| #ifdef HAVE_SYS_TYPES_H
| # include <sys/types.h>
| #endif
| #ifdef HAVE_SYS_STAT_H
| # include <sys/stat.h>
| #endif
| #ifdef STDC_HEADERS
| # include <stdlib.h>
| # include <stddef.h>
| #else
| # ifdef HAVE_STDLIB_H
| #  include <stdlib.h>
| # endif
| #endif
| #ifdef HAVE_STRING_H
| # if !defined STDC_HEADERS && defined HAVE_MEMORY_H
| #  include <memory.h>
| # endif
| # include <string.h>
| #endif
| #ifdef HAVE_STRINGS_H
| # include <strings.h>
| #endif
| #ifdef HAVE_INTTYPES_H
| # include <inttypes.h>
| #endif
| #ifdef HAVE_STDINT_H
| # include <stdint.h>
| #endif
| #ifdef HAVE_UNISTD_H
| # include <unistd.h>
| #endif
| int
| main ()
| {
| if (sizeof ((size_t)))
| 	    return 0;
|   ;
|   return 0;
| }
configure:11276: result: yes
configure:11287: checking whether struct tm is in sys/time.h or time.h
configure:11307: gcc -c -g -O2  conftest.c >&5
configure:11307: $? = 0
configure:11314: result: time.h
configure:11324: checking for working strtod
configure:11365: gcc -o conftest -g -O2   conftest.c  >&5
configure:11365: $? = 0
configure:11365: ./conftest
configure:11365: $? = 0
configure:11375: result: yes
configure:11439: checking for memset
configure:11439: gcc -o conftest -g -O2   conftest.c  >&5
conftest.c:51:6: warning: conflicting types for built-in function 'memset'
configure:11439: $? = 0
configure:11439: result: yes
configure:11452: checking for pow
configure:11452: gcc -o conftest -g -O2   conftest.c  >&5
conftest.c:52:6: warning: conflicting types for built-in function 'pow'
/tmp/ccElbmDc.o: In function `main':
/home/Lycheus/ATTILA_NI_Source_Code_2011.01.09/src/extern-libs/libpng-1.4.0/conftest.c:63: undefined reference to `pow'
collect2: ld returned 1 exit status
configure:11452: $? = 1
configure: failed program was:
| /* confdefs.h */
| #define PACKAGE_NAME "libpng"
| #define PACKAGE_TARNAME "libpng"
| #define PACKAGE_VERSION "1.4.0"
| #define PACKAGE_STRING "libpng 1.4.0"
| #define PACKAGE_BUGREPORT "png-mng-implement@lists.sourceforge.net"
| #define PACKAGE_URL ""
| #define PACKAGE "libpng"
| #define VERSION "1.4.0"
| #define STDC_HEADERS 1
| #define HAVE_SYS_TYPES_H 1
| #define HAVE_SYS_STAT_H 1
| #define HAVE_STDLIB_H 1
| #define HAVE_STRING_H 1
| #define HAVE_MEMORY_H 1
| #define HAVE_STRINGS_H 1
| #define HAVE_INTTYPES_H 1
| #define HAVE_STDINT_H 1
| #define HAVE_UNISTD_H 1
| #define HAVE_DLFCN_H 1
| #define LT_OBJDIR ".libs/"
| #define STDC_HEADERS 1
| #define HAVE_MALLOC_H 1
| #define HAVE_STDLIB_H 1
| #define HAVE_STRING_H 1
| #define HAVE_STRINGS_H 1
| #define HAVE_MEMSET 1
| /* end confdefs.h.  */
| /* Define pow to an innocuous variant, in case <limits.h> declares pow.
|    For example, HP-UX 11i <limits.h> declares gettimeofday.  */
| #define pow innocuous_pow
| 
| /* System header to define __stub macros and hopefully few prototypes,
|     which can conflict with char pow (); below.
|     Prefer <limits.h> to <assert.h> if __STDC__ is defined, since
|     <limits.h> exists even on freestanding compilers.  */
| 
| #ifdef __STDC__
| # include <limits.h>
| #else
| # include <assert.h>
| #endif
| 
| #undef pow
| 
| /* Override any GCC internal prototype to avoid an error.
|    Use char because int might match the return type of a GCC
|    builtin and then its argument prototype would still apply.  */
| #ifdef __cplusplus
| extern "C"
| #endif
| char pow ();
| /* The GNU C library defines this for functions which it implements
|     to always fail with ENOSYS.  Some functions are actually named
|     something starting with __ and the normal name is an alias.  */
| #if defined __stub_pow || defined __stub___pow
| choke me
| #endif
| 
| int
| main ()
| {
| return pow ();
|   ;
|   return 0;
| }
configure:11452: result: no
configure:11459: checking for pow in -lm
configure:11484: gcc -o conftest -g -O2   conftest.c -lm   >&5
conftest.c:36:6: warning: conflicting types for built-in function 'pow'
configure:11484: $? = 0
configure:11493: result: yes
configure:11509: checking for zlibVersion in -lz
configure:11534: gcc -o conftest -g -O2   conftest.c -lz  -lm  >&5
configure:11534: $? = 0
configure:11543: result: yes
configure:11561: checking if libraries can be versioned
configure:11566: result: yes
configure:11585: checking for symbol prefix
configure:11592: result: 
configure:11614: pkgconfig directory is ${libdir}/pkgconfig
configure:11767: creating ./config.status

## ---------------------- ##
## Running config.status. ##
## ---------------------- ##

This file was extended by libpng config.status 1.4.0, which was
generated by GNU Autoconf 2.66.  Invocation command line was

  CONFIG_FILES    = 
  CONFIG_HEADERS  = 
  CONFIG_LINKS    = 
  CONFIG_COMMANDS = 
  $ ./config.status 

on localhost.localdomain

config.status:1093: creating Makefile
config.status:1093: creating libpng.pc
config.status:1093: creating libpng-config
config.status:1093: creating config.h
config.status:1273: config.h is unchanged
config.status:1321: executing depfiles commands
config.status:1321: executing libtool commands

## ---------------- ##
## Cache variables. ##
## ---------------- ##

ac_cv_build=x86_64-unknown-linux-gnu
ac_cv_c_compiler_gnu=yes
ac_cv_c_const=yes
ac_cv_env_CC_set=
ac_cv_env_CC_value=
ac_cv_env_CFLAGS_set=
ac_cv_env_CFLAGS_value=
ac_cv_env_CPPFLAGS_set=
ac_cv_env_CPPFLAGS_value=
ac_cv_env_CPP_set=
ac_cv_env_CPP_value=
ac_cv_env_LDFLAGS_set=
ac_cv_env_LDFLAGS_value=
ac_cv_env_LIBS_set=
ac_cv_env_LIBS_value=
ac_cv_env_build_alias_set=
ac_cv_env_build_alias_value=
ac_cv_env_host_alias_set=
ac_cv_env_host_alias_value=
ac_cv_env_target_alias_set=
ac_cv_env_target_alias_value=
ac_cv_func_memset=yes
ac_cv_func_pow=no
ac_cv_func_strtod=yes
ac_cv_header_dlfcn_h=yes
ac_cv_header_inttypes_h=yes
ac_cv_header_malloc_h=yes
ac_cv_header_memory_h=yes
ac_cv_header_stdc=yes
ac_cv_header_stdint_h=yes
ac_cv_header_stdlib_h=yes
ac_cv_header_string_h=yes
ac_cv_header_strings_h=yes
ac_cv_header_sys_stat_h=yes
ac_cv_header_sys_types_h=yes
ac_cv_header_unistd_h=yes
ac_cv_host=x86_64-unknown-linux-gnu
ac_cv_lib_m_pow=yes
ac_cv_lib_z_zlibVersion=yes
ac_cv_objext=o
ac_cv_path_EGREP='/bin/grep -E'
ac_cv_path_FGREP='/bin/grep -F'
ac_cv_path_GREP=/bin/grep
ac_cv_path_SED=/bin/sed
ac_cv_path_install='/usr/bin/install -c'
ac_cv_path_mkdir=/bin/mkdir
ac_cv_prog_AWK=gawk
ac_cv_prog_CPP='gcc -E'
ac_cv_prog_ac_ct_AR=ar
ac_cv_prog_ac_ct_CC=gcc
ac_cv_prog_ac_ct_OBJDUMP=objdump
ac_cv_prog_ac_ct_RANLIB=ranlib
ac_cv_prog_ac_ct_SED=/bin/sed
ac_cv_prog_ac_ct_STRIP=strip
ac_cv_prog_cc_c89=
ac_cv_prog_cc_g=yes
ac_cv_prog_make_make_set=yes
ac_cv_struct_tm=time.h
ac_cv_type_size_t=yes
am_cv_CC_dependencies_compiler_type=gcc3
lt_cv_archive_cmds_need_lc=no
lt_cv_deplibs_check_method=pass_all
lt_cv_file_magic_cmd='$MAGIC_CMD'
lt_cv_file_magic_test_file=
lt_cv_ld_reload_flag=-r
lt_cv_nm_interface='BSD nm'
lt_cv_objdir=.libs
lt_cv_path_LD=/usr/bin/ld
lt_cv_path_NM='/usr/bin/nm -B'
lt_cv_prog_compiler_c_o=yes
lt_cv_prog_compiler_pic_works=yes
lt_cv_prog_compiler_rtti_exceptions=no
lt_cv_prog_compiler_static_works=no
lt_cv_prog_gnu_ld=yes
lt_cv_shlibpath_overrides_runpath=no
lt_cv_sys_global_symbol_pipe='sed -n -e '\''s/^.*[	 ]\([ABCDGIRSTW][ABCDGIRSTW]*\)[	 ][	 ]*\([_A-Za-z][_A-Za-z0-9]*\)$/\1 \2 \2/p'\'''
lt_cv_sys_global_symbol_to_c_name_address='sed -n -e '\''s/^: \([^ ]*\) $/  {\"\1\", (void *) 0},/p'\'' -e '\''s/^[ABCDGIRSTW]* \([^ ]*\) \([^ ]*\)$/  {"\2", (void *) \&\2},/p'\'''
lt_cv_sys_global_symbol_to_c_name_address_lib_prefix='sed -n -e '\''s/^: \([^ ]*\) $/  {\"\1\", (void *) 0},/p'\'' -e '\''s/^[ABCDGIRSTW]* \([^ ]*\) \(lib[^ ]*\)$/  {"\2", (void *) \&\2},/p'\'' -e '\''s/^[ABCDGIRSTW]* \([^ ]*\) \([^ ]*\)$/  {"lib\2", (void *) \&\2},/p'\'''
lt_cv_sys_global_symbol_to_cdecl='sed -n -e '\''s/^T .* \(.*\)$/extern int \1();/p'\'' -e '\''s/^[ABCDGIRSTW]* .* \(.*\)$/extern char \1;/p'\'''
lt_cv_sys_max_cmd_len=1572864

## ----------------- ##
## Output variables. ##
## ----------------- ##

ACLOCAL='${SHELL} /home/Lycheus/ATTILA_NI_Source_Code_2011.01.09/src/extern-libs/libpng-1.4.0/missing --run aclocal-1.11'
AMDEPBACKSLASH='\'
AMDEP_FALSE='#'
AMDEP_TRUE=''
AMTAR='${SHELL} /home/Lycheus/ATTILA_NI_Source_Code_2011.01.09/src/extern-libs/libpng-1.4.0/missing --run tar'
AR='ar'
AS='as'
AUTOCONF='${SHELL} /home/Lycheus/ATTILA_NI_Source_Code_2011.01.09/src/extern-libs/libpng-1.4.0/missing --run autoconf'
AUTOHEADER='${SHELL} /home/Lycheus/ATTILA_NI_Source_Code_2011.01.09/src/extern-libs/libpng-1.4.0/missing --run autoheader'
AUTOMAKE='${SHELL} /home/Lycheus/ATTILA_NI_Source_Code_2011.01.09/src/extern-libs/libpng-1.4.0/missing --run automake-1.11'
AWK='gawk'
CC='gcc'
CCDEPMODE='depmode=gcc3'
CFLAGS='-g -O2'
CPP='gcc -E'
CPPFLAGS=''
CYGPATH_W='echo'
DEFS='-DHAVE_CONFIG_H'
DEPDIR='.deps'
DLLTOOL='dlltool'
DSYMUTIL=''
DUMPBIN=''
ECHO_C=''
ECHO_N='-n'
ECHO_T=''
EGREP='/bin/grep -E'
EXEEXT=''
FGREP='/bin/grep -F'
GREP='/bin/grep'
HAVE_LD_VERSION_SCRIPT_FALSE='#'
HAVE_LD_VERSION_SCRIPT_TRUE=''
INSTALL_DATA='${INSTALL} -m 644'
INSTALL_PROGRAM='${INSTALL}'
INSTALL_SCRIPT='${INSTALL}'
INSTALL_STRIP_PROGRAM='$(install_sh) -c -s'
LD='/usr/bin/ld -m elf_x86_64'
LDFLAGS=''
LIBOBJS=''
LIBPNG_DEFINES='-DPNG_CONFIGURE_LIBPNG'
LIBS='-lz -lm '
LIBTOOL='$(SHELL) $(top_builddir)/libtool'
LIPO=''
LN_S='ln -s'
LTLIBOBJS=''
MAINT='#'
MAINTAINER_MODE_FALSE=''
MAINTAINER_MODE_TRUE='#'
MAKEINFO='${SHELL} /home/Lycheus/ATTILA_NI_Source_Code_2011.01.09/src/extern-libs/libpng-1.4.0/missing --run makeinfo'
MKDIR_P='/bin/mkdir -p'
NM='/usr/bin/nm -B'
NMEDIT=''
OBJDUMP='objdump'
OBJEXT='o'
OTOOL64=''
OTOOL=''
PACKAGE='libpng'
PACKAGE_BUGREPORT='png-mng-implement@lists.sourceforge.net'
PACKAGE_NAME='libpng'
PACKAGE_STRING='libpng 1.4.0'
PACKAGE_TARNAME='libpng'
PACKAGE_URL=''
PACKAGE_VERSION='1.4.0'
PATH_SEPARATOR=':'
PNGLIB_MAJOR='1'
PNGLIB_MINOR='4'
PNGLIB_RELEASE='0'
PNGLIB_VERSION='1.4.0'
POW_LIB=''
RANLIB='ranlib'
SED='/bin/sed'
SET_MAKE=''
SHELL='/bin/sh'
STRIP='strip'
SYMBOL_PREFIX=''
VERSION='1.4.0'
ac_ct_CC='gcc'
ac_ct_DUMPBIN=''
am__EXEEXT_FALSE=''
am__EXEEXT_TRUE='#'
am__fastdepCC_FALSE='#'
am__fastdepCC_TRUE=''
am__include='include'
am__isrc=''
am__leading_dot='.'
am__quote=''
am__tar='${AMTAR} chof - "$$tardir"'
am__untar='${AMTAR} xf -'
binconfigs='${binconfigs}'
bindir='${exec_prefix}/bin'
build='x86_64-unknown-linux-gnu'
build_alias=''
build_cpu='x86_64'
build_os='linux-gnu'
build_vendor='unknown'
datadir='${datarootdir}'
datarootdir='${prefix}/share'
docdir='${datarootdir}/doc/${PACKAGE_TARNAME}'
dvidir='${docdir}'
exec_prefix='${prefix}'
host='x86_64-unknown-linux-gnu'
host_alias=''
host_cpu='x86_64'
host_os='linux-gnu'
host_vendor='unknown'
htmldir='${docdir}'
includedir='${prefix}/include'
infodir='${datarootdir}/info'
install_sh='${SHELL} /home/Lycheus/ATTILA_NI_Source_Code_2011.01.09/src/extern-libs/libpng-1.4.0/install-sh'
libdir='${exec_prefix}/lib'
libexecdir='${exec_prefix}/libexec'
localedir='${datarootdir}/locale'
localstatedir='${prefix}/var'
mandir='${datarootdir}/man'
mkdir_p='/bin/mkdir -p'
oldincludedir='/usr/include'
pdfdir='${docdir}'
pkgconfigdir='${libdir}/pkgconfig'
prefix='/usr/local'
program_transform_name='s,x,x,'
psdir='${docdir}'
sbindir='${exec_prefix}/sbin'
sharedstatedir='${prefix}/com'
sysconfdir='${prefix}/etc'
target_alias=''

## ----------- ##
## confdefs.h. ##
## ----------- ##

/* confdefs.h */
#define PACKAGE_NAME "libpng"
#define PACKAGE_TARNAME "libpng"
#define PACKAGE_VERSION "1.4.0"
#define PACKAGE_STRING "libpng 1.4.0"
#define PACKAGE_BUGREPORT "png-mng-implement@lists.sourceforge.net"
#define PACKAGE_URL ""
#define PACKAGE "libpng"
#define VERSION "1.4.0"
#define STDC_HEADERS 1
#define HAVE_SYS_TYPES_H 1
#define HAVE_SYS_STAT_H 1
#define HAVE_STDLIB_H 1
#define HAVE_STRING_H 1
#define HAVE_MEMORY_H 1
#define HAVE_STRINGS_H 1
#define HAVE_INTTYPES_H 1
#define HAVE_STDINT_H 1
#define HAVE_UNISTD_H 1
#define HAVE_DLFCN_H 1
#define LT_OBJDIR ".libs/"
#define STDC_HEADERS 1
#define HAVE_MALLOC_H 1
#define HAVE_STDLIB_H 1
#define HAVE_STRING_H 1
#define HAVE_STRINGS_H 1
#define HAVE_MEMSET 1
#define HAVE_LIBM 1
#define HAVE_LIBZ 1

configure: exit 0
